{"level":"info","time":"2023-01-03T18:38:09.978-0600","caller":"cobra@v1.1.1/command.go:854","msg":"LambdaTest Tunnel version: 3.1.25"}
{"level":"debug","time":"2023-01-03T18:38:09.980-0600","caller":"cmd/lt.go:211","msg":"Starting pipeline....."}
{"level":"debug","time":"2023-01-03T18:38:09.980-0600","caller":"cmd/lt.go:211","msg":"OS: windows, Arch: 386"}
{"level":"debug","time":"2023-01-03T18:38:09.980-0600","caller":"cmd/lt.go:211","msg":"Fetching config"}
{"level":"debug","time":"2023-01-03T18:38:09.980-0600","caller":"runtime/asm_386.s:1326","msg":"Starting tunnel With flags: --user luis.osuna@unosquare.com --key ***** --logFile lambdaTunnelLog.log --controller testcafe --tunnelName TestCafe0_luis.osuna@unosquare.com-1672792680446 --infoAPIPort 53839 --port 53840"}
{"level":"debug","time":"2023-01-03T18:38:10.349-0600","caller":"cmd/lt.go:211","msg":"Remote config fetched"}
{"level":"debug","time":"2023-01-03T18:38:11.013-0600","caller":"core/lifecycle.go:152","msg":"Starting API server"}
{"level":"debug","time":"2023-01-03T18:38:11.013-0600","caller":"core/lifecycle.go:138","msg":"Starting sink proxy"}
{"level":"debug","time":"2023-01-03T18:38:11.013-0600","caller":"apiserver/setup.go:173","msg":"Starting API server for tunnel info on port: 53839"}
{"level":"debug","time":"2023-01-03T18:38:11.013-0600","caller":"runtime/asm_386.s:1326","msg":"Trying over ssh over ws"}
{"level":"debug","time":"2023-01-03T18:38:11.013-0600","caller":"runtime/asm_386.s:1326","msg":"Trying on port 22"}
{"level":"debug","time":"2023-01-03T18:38:11.013-0600","caller":"runtime/asm_386.s:1326","msg":"Trying on port 443"}
{"level":"info","time":"2023-01-03T18:38:11.069-0600","caller":"custom/setup.go:749","msg":"Tunnel binary started on port :53840"}
{"level":"debug","time":"2023-01-03T18:38:11.254-0600","caller":"runtime/asm_386.s:1326","msg":"WSS connection was successful"}
{"level":"debug","time":"2023-01-03T18:38:12.100-0600","caller":"runtime/asm_386.s:1326","msg":"SSH connection over port 443 successful"}
{"level":"debug","time":"2023-01-03T18:38:12.146-0600","caller":"runtime/asm_386.s:1326","msg":"SSH connection over ws successful"}
{"level":"debug","time":"2023-01-03T18:38:12.219-0600","caller":"runtime/asm_386.s:1326","msg":"SSH connection over port 22 successful"}
{"level":"info","time":"2023-01-03T18:38:12.219-0600","caller":"core/lifecycle.go:115","msg":"Using ssh(over_22) :: connection mode"}
{"level":"info","time":"2023-01-03T18:38:12.219-0600","caller":"cmd/lt.go:211","msg":"Launching tunnel"}
{"level":"debug","time":"2023-01-03T18:38:12.219-0600","caller":"core/lifecycle.go:233","msg":"Starting control ws connection at wss://ts.lambdatest.com/monitor"}
{"level":"debug","time":"2023-01-03T18:38:12.865-0600","caller":"core/lifecycle.go:233","msg":"Control ws channel opened"}
{"level":"debug","time":"2023-01-03T18:38:12.866-0600","caller":"runtime/asm_386.s:1326","msg":"Starting message listener on control connection"}
{"level":"debug","time":"2023-01-03T18:38:13.158-0600","caller":"runtime/asm_386.s:1326","msg":"Sending tunnel registered message to channels"}
{"level":"debug","time":"2023-01-03T18:38:13.158-0600","caller":"runtime/asm_386.s:1326","msg":"Tunnel registered message received on control channel"}
{"level":"debug","time":"2023-01-03T18:38:13.158-0600","caller":"core/lifecycle.go:283","msg":"Using 5 ssh connection"}
{"level":"debug","time":"2023-01-03T18:38:13.158-0600","caller":"runtime/asm_386.s:1326","msg":"controller bus registered"}
{"level":"debug","time":"2023-01-03T18:38:14.394-0600","caller":"runtime/asm_386.s:1326","msg":"Successfully started sshd listener on port: 5689"}
{"level":"debug","time":"2023-01-03T18:38:14.395-0600","caller":"runtime/asm_386.s:1326","msg":"Successfully started sshd listener on port: 22973"}
{"level":"debug","time":"2023-01-03T18:38:14.395-0600","caller":"runtime/asm_386.s:1326","msg":"Successfully started sshd listener on port: 10426"}
{"level":"info","time":"2023-01-03T18:38:14.395-0600","caller":"runtime/asm_386.s:1326","msg":"You can start testing now"}
{"level":"info","time":"2023-01-03T18:38:14.395-0600","caller":"runtime/asm_386.s:1326","msg":"Tunnel ID: 2893438"}
{"level":"debug","time":"2023-01-03T18:38:14.396-0600","caller":"runtime/asm_386.s:1326","msg":"Remote Listener Started on Port 12321"}
{"level":"debug","time":"2023-01-03T18:38:14.484-0600","caller":"runtime/asm_386.s:1326","msg":"Successfully started sshd listener on port: 6930"}
{"level":"debug","time":"2023-01-03T18:38:14.494-0600","caller":"runtime/asm_386.s:1326","msg":"Successfully started sshd listener on port: 19080"}
{"level":"info","time":"2023-01-03T18:40:37.893-0600","caller":"cobra@v1.1.1/command.go:854","msg":"LambdaTest Tunnel version: 3.1.25"}
{"level":"debug","time":"2023-01-03T18:40:37.896-0600","caller":"cmd/lt.go:211","msg":"Starting pipeline....."}
{"level":"debug","time":"2023-01-03T18:40:37.896-0600","caller":"cmd/lt.go:211","msg":"OS: windows, Arch: 386"}
{"level":"debug","time":"2023-01-03T18:40:37.897-0600","caller":"cmd/lt.go:211","msg":"Fetching config"}
{"level":"debug","time":"2023-01-03T18:40:37.897-0600","caller":"runtime/asm_386.s:1326","msg":"Starting tunnel With flags: --user luis.osuna@unosquare.com --key ***** --logFile lambdaTunnelLog.log --controller testcafe --tunnelName TestCafe0_luis.osuna@unosquare.com-1672792832445 --infoAPIPort 53928 --port 53929"}
{"level":"debug","time":"2023-01-03T18:40:38.345-0600","caller":"cmd/lt.go:211","msg":"Remote config fetched"}
{"level":"debug","time":"2023-01-03T18:40:39.838-0600","caller":"core/lifecycle.go:152","msg":"Starting API server"}
{"level":"debug","time":"2023-01-03T18:40:39.838-0600","caller":"core/lifecycle.go:138","msg":"Starting sink proxy"}
{"level":"debug","time":"2023-01-03T18:40:39.838-0600","caller":"runtime/asm_386.s:1326","msg":"Trying over ssh over ws"}
{"level":"debug","time":"2023-01-03T18:40:39.838-0600","caller":"apiserver/setup.go:173","msg":"Starting API server for tunnel info on port: 53928"}
{"level":"debug","time":"2023-01-03T18:40:39.838-0600","caller":"runtime/asm_386.s:1326","msg":"Trying on port 22"}
{"level":"debug","time":"2023-01-03T18:40:39.838-0600","caller":"runtime/asm_386.s:1326","msg":"Trying on port 443"}
{"level":"info","time":"2023-01-03T18:40:39.895-0600","caller":"custom/setup.go:749","msg":"Tunnel binary started on port :53929"}
{"level":"debug","time":"2023-01-03T18:40:40.069-0600","caller":"runtime/asm_386.s:1326","msg":"WSS connection was successful"}
{"level":"debug","time":"2023-01-03T18:40:40.944-0600","caller":"runtime/asm_386.s:1326","msg":"SSH connection over port 443 successful"}
{"level":"debug","time":"2023-01-03T18:40:41.027-0600","caller":"runtime/asm_386.s:1326","msg":"SSH connection over ws successful"}
{"level":"debug","time":"2023-01-03T18:40:41.039-0600","caller":"runtime/asm_386.s:1326","msg":"SSH connection over port 22 successful"}
{"level":"info","time":"2023-01-03T18:40:41.039-0600","caller":"core/lifecycle.go:115","msg":"Using ssh(over_22) :: connection mode"}
{"level":"info","time":"2023-01-03T18:40:41.039-0600","caller":"cmd/lt.go:211","msg":"Launching tunnel"}
{"level":"debug","time":"2023-01-03T18:40:41.039-0600","caller":"core/lifecycle.go:233","msg":"Starting control ws connection at wss://ts.lambdatest.com/monitor"}
{"level":"debug","time":"2023-01-03T18:40:41.376-0600","caller":"core/lifecycle.go:233","msg":"Control ws channel opened"}
{"level":"debug","time":"2023-01-03T18:40:41.381-0600","caller":"runtime/asm_386.s:1326","msg":"Starting message listener on control connection"}
{"level":"debug","time":"2023-01-03T18:40:41.391-0600","caller":"runtime/asm_386.s:1326","msg":"Tunnel registered message received on control channel"}
{"level":"debug","time":"2023-01-03T18:40:41.391-0600","caller":"core/lifecycle.go:283","msg":"Using 5 ssh connection"}
{"level":"debug","time":"2023-01-03T18:40:41.391-0600","caller":"runtime/asm_386.s:1326","msg":"Sending tunnel registered message to channels"}
{"level":"debug","time":"2023-01-03T18:40:41.391-0600","caller":"runtime/asm_386.s:1326","msg":"controller bus registered"}
{"level":"debug","time":"2023-01-03T18:40:42.804-0600","caller":"runtime/asm_386.s:1326","msg":"Successfully started sshd listener on port: 23168"}
{"level":"debug","time":"2023-01-03T18:40:42.808-0600","caller":"runtime/asm_386.s:1326","msg":"Successfully started sshd listener on port: 9238"}
{"level":"info","time":"2023-01-03T18:40:42.808-0600","caller":"runtime/asm_386.s:1326","msg":"You can start testing now"}
{"level":"info","time":"2023-01-03T18:40:42.808-0600","caller":"runtime/asm_386.s:1326","msg":"Tunnel ID: 2893453"}
{"level":"debug","time":"2023-01-03T18:40:42.808-0600","caller":"runtime/asm_386.s:1326","msg":"Remote Listener Started on Port 20454"}
{"level":"debug","time":"2023-01-03T18:40:42.811-0600","caller":"runtime/asm_386.s:1326","msg":"Successfully started sshd listener on port: 20189"}
{"level":"debug","time":"2023-01-03T18:40:42.834-0600","caller":"runtime/asm_386.s:1326","msg":"Successfully started sshd listener on port: 16131"}
{"level":"debug","time":"2023-01-03T18:40:42.849-0600","caller":"runtime/asm_386.s:1326","msg":"Successfully started sshd listener on port: 19180"}
{"level":"info","time":"2023-01-03T18:41:41.702-0600","caller":"cobra@v1.1.1/command.go:854","msg":"LambdaTest Tunnel version: 3.1.25"}
{"level":"debug","time":"2023-01-03T18:41:41.708-0600","caller":"cmd/lt.go:211","msg":"Starting pipeline....."}
{"level":"debug","time":"2023-01-03T18:41:41.708-0600","caller":"cmd/lt.go:211","msg":"OS: windows, Arch: 386"}
{"level":"debug","time":"2023-01-03T18:41:41.708-0600","caller":"cmd/lt.go:211","msg":"Fetching config"}
{"level":"debug","time":"2023-01-03T18:41:41.708-0600","caller":"runtime/asm_386.s:1326","msg":"Starting tunnel With flags: --user luis.osuna@unosquare.com --key ***** --logFile lambdaTunnelLog.log --controller testcafe --tunnelName TestCafe0_luis.osuna@unosquare.com-1672792899505 --infoAPIPort 53987 --port 53988"}
{"level":"debug","time":"2023-01-03T18:41:42.002-0600","caller":"cmd/lt.go:211","msg":"Remote config fetched"}
{"level":"debug","time":"2023-01-03T18:41:42.833-0600","caller":"core/lifecycle.go:152","msg":"Starting API server"}
{"level":"debug","time":"2023-01-03T18:41:42.833-0600","caller":"core/lifecycle.go:138","msg":"Starting sink proxy"}
{"level":"debug","time":"2023-01-03T18:41:42.839-0600","caller":"apiserver/setup.go:173","msg":"Starting API server for tunnel info on port: 53987"}
{"level":"debug","time":"2023-01-03T18:41:42.833-0600","caller":"runtime/asm_386.s:1326","msg":"Trying on port 22"}
{"level":"debug","time":"2023-01-03T18:41:42.833-0600","caller":"runtime/asm_386.s:1326","msg":"Trying over ssh over ws"}
{"level":"debug","time":"2023-01-03T18:41:42.833-0600","caller":"runtime/asm_386.s:1326","msg":"Trying on port 443"}
{"level":"info","time":"2023-01-03T18:41:42.894-0600","caller":"custom/setup.go:749","msg":"Tunnel binary started on port :53988"}
{"level":"debug","time":"2023-01-03T18:41:43.058-0600","caller":"runtime/asm_386.s:1326","msg":"WSS connection was successful"}
{"level":"debug","time":"2023-01-03T18:41:43.872-0600","caller":"runtime/asm_386.s:1326","msg":"SSH connection over port 443 successful"}
{"level":"debug","time":"2023-01-03T18:41:44.058-0600","caller":"runtime/asm_386.s:1326","msg":"SSH connection over ws successful"}
{"level":"debug","time":"2023-01-03T18:41:44.107-0600","caller":"runtime/asm_386.s:1326","msg":"SSH connection over port 22 successful"}
{"level":"info","time":"2023-01-03T18:41:44.107-0600","caller":"core/lifecycle.go:115","msg":"Using ssh(over_22) :: connection mode"}
{"level":"info","time":"2023-01-03T18:41:44.107-0600","caller":"cmd/lt.go:211","msg":"Launching tunnel"}
{"level":"debug","time":"2023-01-03T18:41:44.107-0600","caller":"core/lifecycle.go:233","msg":"Starting control ws connection at wss://ts.lambdatest.com/monitor"}
{"level":"debug","time":"2023-01-03T18:41:44.393-0600","caller":"core/lifecycle.go:233","msg":"Control ws channel opened"}
{"level":"debug","time":"2023-01-03T18:41:44.397-0600","caller":"runtime/asm_386.s:1326","msg":"Starting message listener on control connection"}
{"level":"debug","time":"2023-01-03T18:41:44.431-0600","caller":"runtime/asm_386.s:1326","msg":"Sending tunnel registered message to channels"}
{"level":"debug","time":"2023-01-03T18:41:44.431-0600","caller":"runtime/asm_386.s:1326","msg":"Tunnel registered message received on control channel"}
{"level":"debug","time":"2023-01-03T18:41:44.431-0600","caller":"core/lifecycle.go:283","msg":"Using 5 ssh connection"}
{"level":"debug","time":"2023-01-03T18:41:44.432-0600","caller":"runtime/asm_386.s:1326","msg":"controller bus registered"}
{"level":"debug","time":"2023-01-03T18:41:45.652-0600","caller":"runtime/asm_386.s:1326","msg":"Successfully started sshd listener on port: 20056"}
{"level":"debug","time":"2023-01-03T18:41:45.684-0600","caller":"runtime/asm_386.s:1326","msg":"Successfully started sshd listener on port: 24071"}
{"level":"info","time":"2023-01-03T18:41:45.684-0600","caller":"runtime/asm_386.s:1326","msg":"You can start testing now"}
{"level":"info","time":"2023-01-03T18:41:45.684-0600","caller":"runtime/asm_386.s:1326","msg":"Tunnel ID: 2893468"}
{"level":"debug","time":"2023-01-03T18:41:45.684-0600","caller":"runtime/asm_386.s:1326","msg":"Remote Listener Started on Port 27434"}
{"level":"debug","time":"2023-01-03T18:41:45.732-0600","caller":"runtime/asm_386.s:1326","msg":"Successfully started sshd listener on port: 27844"}
{"level":"debug","time":"2023-01-03T18:41:45.739-0600","caller":"runtime/asm_386.s:1326","msg":"Successfully started sshd listener on port: 29984"}
{"level":"debug","time":"2023-01-03T18:41:45.811-0600","caller":"runtime/asm_386.s:1326","msg":"Successfully started sshd listener on port: 3838"}
{"level":"info","time":"2023-01-03T18:47:37.667-0600","caller":"cobra@v1.1.1/command.go:854","msg":"LambdaTest Tunnel version: 3.1.25"}
{"level":"debug","time":"2023-01-03T18:47:37.677-0600","caller":"cmd/lt.go:211","msg":"Starting pipeline....."}
{"level":"debug","time":"2023-01-03T18:47:37.677-0600","caller":"cmd/lt.go:211","msg":"OS: windows, Arch: 386"}
{"level":"debug","time":"2023-01-03T18:47:37.677-0600","caller":"cmd/lt.go:211","msg":"Fetching config"}
{"level":"debug","time":"2023-01-03T18:47:37.677-0600","caller":"runtime/asm_386.s:1326","msg":"Starting tunnel With flags: --user luis.osuna@unosquare.com --key ***** --logFile lambdaTunnelLog.log --controller testcafe --tunnelName TestCafe0_luis.osuna@unosquare.com-1672793254780 --infoAPIPort 54126 --port 54127"}
{"level":"debug","time":"2023-01-03T18:47:37.903-0600","caller":"cmd/lt.go:211","msg":"Remote config fetched"}
{"level":"debug","time":"2023-01-03T18:47:38.839-0600","caller":"core/lifecycle.go:152","msg":"Starting API server"}
{"level":"debug","time":"2023-01-03T18:47:38.839-0600","caller":"core/lifecycle.go:138","msg":"Starting sink proxy"}
{"level":"debug","time":"2023-01-03T18:47:38.839-0600","caller":"runtime/asm_386.s:1326","msg":"Trying on port 22"}
{"level":"debug","time":"2023-01-03T18:47:38.839-0600","caller":"runtime/asm_386.s:1326","msg":"Trying over ssh over ws"}
{"level":"debug","time":"2023-01-03T18:47:38.839-0600","caller":"apiserver/setup.go:173","msg":"Starting API server for tunnel info on port: 54126"}
{"level":"debug","time":"2023-01-03T18:47:38.839-0600","caller":"runtime/asm_386.s:1326","msg":"Trying on port 443"}
{"level":"info","time":"2023-01-03T18:47:38.894-0600","caller":"custom/setup.go:749","msg":"Tunnel binary started on port :54127"}
{"level":"debug","time":"2023-01-03T18:47:39.064-0600","caller":"runtime/asm_386.s:1326","msg":"WSS connection was successful"}
{"level":"debug","time":"2023-01-03T18:47:39.936-0600","caller":"runtime/asm_386.s:1326","msg":"SSH connection over port 443 successful"}
{"level":"debug","time":"2023-01-03T18:47:39.996-0600","caller":"runtime/asm_386.s:1326","msg":"SSH connection over ws successful"}
{"level":"debug","time":"2023-01-03T18:47:40.057-0600","caller":"runtime/asm_386.s:1326","msg":"SSH connection over port 22 successful"}
{"level":"info","time":"2023-01-03T18:47:40.057-0600","caller":"core/lifecycle.go:115","msg":"Using ssh(over_22) :: connection mode"}
{"level":"info","time":"2023-01-03T18:47:40.057-0600","caller":"cmd/lt.go:211","msg":"Launching tunnel"}
{"level":"debug","time":"2023-01-03T18:47:40.057-0600","caller":"core/lifecycle.go:233","msg":"Starting control ws connection at wss://ts.lambdatest.com/monitor"}
{"level":"debug","time":"2023-01-03T18:47:40.297-0600","caller":"core/lifecycle.go:233","msg":"Control ws channel opened"}
{"level":"debug","time":"2023-01-03T18:47:40.305-0600","caller":"runtime/asm_386.s:1326","msg":"Starting message listener on control connection"}
{"level":"debug","time":"2023-01-03T18:47:40.346-0600","caller":"runtime/asm_386.s:1326","msg":"Sending tunnel registered message to channels"}
{"level":"debug","time":"2023-01-03T18:47:40.346-0600","caller":"runtime/asm_386.s:1326","msg":"Tunnel registered message received on control channel"}
{"level":"debug","time":"2023-01-03T18:47:40.346-0600","caller":"runtime/asm_386.s:1326","msg":"controller bus registered"}
{"level":"debug","time":"2023-01-03T18:47:40.346-0600","caller":"core/lifecycle.go:283","msg":"Using 5 ssh connection"}
{"level":"debug","time":"2023-01-03T18:47:41.591-0600","caller":"runtime/asm_386.s:1326","msg":"Successfully started sshd listener on port: 29098"}
{"level":"debug","time":"2023-01-03T18:47:41.638-0600","caller":"runtime/asm_386.s:1326","msg":"Successfully started sshd listener on port: 15213"}
{"level":"debug","time":"2023-01-03T18:47:41.638-0600","caller":"runtime/asm_386.s:1326","msg":"Successfully started sshd listener on port: 3711"}
{"level":"info","time":"2023-01-03T18:47:41.638-0600","caller":"runtime/asm_386.s:1326","msg":"You can start testing now"}
{"level":"info","time":"2023-01-03T18:47:41.638-0600","caller":"runtime/asm_386.s:1326","msg":"Tunnel ID: 2893494"}
{"level":"debug","time":"2023-01-03T18:47:41.638-0600","caller":"runtime/asm_386.s:1326","msg":"Remote Listener Started on Port 7188"}
{"level":"debug","time":"2023-01-03T18:47:41.758-0600","caller":"runtime/asm_386.s:1326","msg":"Successfully started sshd listener on port: 13840"}
{"level":"debug","time":"2023-01-03T18:47:41.759-0600","caller":"runtime/asm_386.s:1326","msg":"Successfully started sshd listener on port: 30884"}
{"level":"info","time":"2023-01-03T18:49:29.340-0600","caller":"cobra@v1.1.1/command.go:854","msg":"LambdaTest Tunnel version: 3.1.25"}
{"level":"debug","time":"2023-01-03T18:49:29.345-0600","caller":"cmd/lt.go:211","msg":"Starting pipeline....."}
{"level":"debug","time":"2023-01-03T18:49:29.345-0600","caller":"cmd/lt.go:211","msg":"OS: windows, Arch: 386"}
{"level":"debug","time":"2023-01-03T18:49:29.345-0600","caller":"cmd/lt.go:211","msg":"Fetching config"}
{"level":"debug","time":"2023-01-03T18:49:29.345-0600","caller":"runtime/asm_386.s:1326","msg":"Starting tunnel With flags: --user luis.osuna@unosquare.com --key ***** --logFile lambdaTunnelLog.log --controller testcafe --tunnelName TestCafe0_luis.osuna@unosquare.com-1672793367142 --infoAPIPort 54219 --port 54220"}
{"level":"debug","time":"2023-01-03T18:49:29.588-0600","caller":"cmd/lt.go:211","msg":"Remote config fetched"}
{"level":"debug","time":"2023-01-03T18:49:30.519-0600","caller":"core/lifecycle.go:152","msg":"Starting API server"}
{"level":"debug","time":"2023-01-03T18:49:30.519-0600","caller":"runtime/asm_386.s:1326","msg":"Trying on port 443"}
{"level":"debug","time":"2023-01-03T18:49:30.519-0600","caller":"runtime/asm_386.s:1326","msg":"Trying over ssh over ws"}
{"level":"debug","time":"2023-01-03T18:49:30.519-0600","caller":"apiserver/setup.go:173","msg":"Starting API server for tunnel info on port: 54219"}
{"level":"debug","time":"2023-01-03T18:49:30.519-0600","caller":"core/lifecycle.go:138","msg":"Starting sink proxy"}
{"level":"debug","time":"2023-01-03T18:49:30.519-0600","caller":"runtime/asm_386.s:1326","msg":"Trying on port 22"}
{"level":"info","time":"2023-01-03T18:49:30.570-0600","caller":"custom/setup.go:749","msg":"Tunnel binary started on port :54220"}
{"level":"debug","time":"2023-01-03T18:49:30.744-0600","caller":"runtime/asm_386.s:1326","msg":"WSS connection was successful"}
{"level":"debug","time":"2023-01-03T18:49:31.541-0600","caller":"runtime/asm_386.s:1326","msg":"SSH connection over port 443 successful"}
{"level":"debug","time":"2023-01-03T18:49:31.695-0600","caller":"runtime/asm_386.s:1326","msg":"SSH connection over ws successful"}
{"level":"debug","time":"2023-01-03T18:49:31.760-0600","caller":"runtime/asm_386.s:1326","msg":"SSH connection over port 22 successful"}
{"level":"info","time":"2023-01-03T18:49:31.761-0600","caller":"core/lifecycle.go:115","msg":"Using ssh(over_22) :: connection mode"}
{"level":"info","time":"2023-01-03T18:49:31.761-0600","caller":"cmd/lt.go:211","msg":"Launching tunnel"}
{"level":"debug","time":"2023-01-03T18:49:31.761-0600","caller":"core/lifecycle.go:233","msg":"Starting control ws connection at wss://ts.lambdatest.com/monitor"}
{"level":"debug","time":"2023-01-03T18:49:32.049-0600","caller":"core/lifecycle.go:233","msg":"Control ws channel opened"}
{"level":"debug","time":"2023-01-03T18:49:32.054-0600","caller":"runtime/asm_386.s:1326","msg":"Starting message listener on control connection"}
{"level":"debug","time":"2023-01-03T18:49:32.093-0600","caller":"runtime/asm_386.s:1326","msg":"Sending tunnel registered message to channels"}
{"level":"debug","time":"2023-01-03T18:49:32.093-0600","caller":"core/lifecycle.go:283","msg":"Using 5 ssh connection"}
{"level":"debug","time":"2023-01-03T18:49:32.093-0600","caller":"runtime/asm_386.s:1326","msg":"Tunnel registered message received on control channel"}
{"level":"debug","time":"2023-01-03T18:49:32.093-0600","caller":"runtime/asm_386.s:1326","msg":"controller bus registered"}
{"level":"debug","time":"2023-01-03T18:49:33.341-0600","caller":"runtime/asm_386.s:1326","msg":"Successfully started sshd listener on port: 5654"}
{"level":"debug","time":"2023-01-03T18:49:33.423-0600","caller":"runtime/asm_386.s:1326","msg":"Successfully started sshd listener on port: 16799"}
{"level":"info","time":"2023-01-03T18:49:33.423-0600","caller":"runtime/asm_386.s:1326","msg":"You can start testing now"}
{"level":"info","time":"2023-01-03T18:49:33.423-0600","caller":"runtime/asm_386.s:1326","msg":"Tunnel ID: 2893506"}
{"level":"debug","time":"2023-01-03T18:49:33.423-0600","caller":"runtime/asm_386.s:1326","msg":"Remote Listener Started on Port 16670"}
{"level":"debug","time":"2023-01-03T18:49:33.451-0600","caller":"runtime/asm_386.s:1326","msg":"Successfully started sshd listener on port: 27785"}
{"level":"debug","time":"2023-01-03T18:49:33.451-0600","caller":"runtime/asm_386.s:1326","msg":"Successfully started sshd listener on port: 18294"}
{"level":"debug","time":"2023-01-03T18:49:33.468-0600","caller":"runtime/asm_386.s:1326","msg":"Successfully started sshd listener on port: 10300"}
{"level":"info","time":"2023-01-03T18:53:09.656-0600","caller":"cobra@v1.1.1/command.go:854","msg":"LambdaTest Tunnel version: 3.1.25"}
{"level":"debug","time":"2023-01-03T18:53:09.656-0600","caller":"cmd/lt.go:211","msg":"Starting pipeline....."}
{"level":"debug","time":"2023-01-03T18:53:09.656-0600","caller":"cmd/lt.go:211","msg":"OS: windows, Arch: 386"}
{"level":"debug","time":"2023-01-03T18:53:09.656-0600","caller":"cmd/lt.go:211","msg":"Fetching config"}
{"level":"debug","time":"2023-01-03T18:53:09.656-0600","caller":"runtime/asm_386.s:1326","msg":"Starting tunnel With flags: --user luis.osuna@unosquare.com --key ***** --logFile lambdaTunnelLog.log --controller testcafe --tunnelName TestCafe0_luis.osuna@unosquare.com-1672793587621 --infoAPIPort 54337 --port 54338"}
{"level":"debug","time":"2023-01-03T18:53:10.017-0600","caller":"cmd/lt.go:211","msg":"Remote config fetched"}
{"level":"debug","time":"2023-01-03T18:53:11.576-0600","caller":"core/lifecycle.go:152","msg":"Starting API server"}
{"level":"debug","time":"2023-01-03T18:53:11.576-0600","caller":"core/lifecycle.go:138","msg":"Starting sink proxy"}
{"level":"debug","time":"2023-01-03T18:53:11.576-0600","caller":"runtime/asm_386.s:1326","msg":"Trying on port 22"}
{"level":"debug","time":"2023-01-03T18:53:11.576-0600","caller":"apiserver/setup.go:173","msg":"Starting API server for tunnel info on port: 54337"}
{"level":"debug","time":"2023-01-03T18:53:11.576-0600","caller":"runtime/asm_386.s:1326","msg":"Trying on port 443"}
{"level":"debug","time":"2023-01-03T18:53:11.576-0600","caller":"runtime/asm_386.s:1326","msg":"Trying over ssh over ws"}
{"level":"info","time":"2023-01-03T18:53:11.640-0600","caller":"custom/setup.go:749","msg":"Tunnel binary started on port :54338"}
{"level":"debug","time":"2023-01-03T18:53:11.827-0600","caller":"runtime/asm_386.s:1326","msg":"WSS connection was successful"}
{"level":"debug","time":"2023-01-03T18:53:12.665-0600","caller":"runtime/asm_386.s:1326","msg":"SSH connection over port 443 successful"}
{"level":"debug","time":"2023-01-03T18:53:12.766-0600","caller":"runtime/asm_386.s:1326","msg":"SSH connection over ws successful"}
{"level":"debug","time":"2023-01-03T18:53:12.785-0600","caller":"runtime/asm_386.s:1326","msg":"SSH connection over port 22 successful"}
{"level":"info","time":"2023-01-03T18:53:12.785-0600","caller":"core/lifecycle.go:115","msg":"Using ssh(over_22) :: connection mode"}
{"level":"info","time":"2023-01-03T18:53:12.786-0600","caller":"cmd/lt.go:211","msg":"Launching tunnel"}
{"level":"debug","time":"2023-01-03T18:53:12.786-0600","caller":"core/lifecycle.go:233","msg":"Starting control ws connection at wss://ts.lambdatest.com/monitor"}
{"level":"debug","time":"2023-01-03T18:53:14.032-0600","caller":"core/lifecycle.go:233","msg":"Control ws channel opened"}
{"level":"debug","time":"2023-01-03T18:53:14.033-0600","caller":"runtime/asm_386.s:1326","msg":"Starting message listener on control connection"}
{"level":"debug","time":"2023-01-03T18:53:14.122-0600","caller":"runtime/asm_386.s:1326","msg":"Sending tunnel registered message to channels"}
{"level":"debug","time":"2023-01-03T18:53:14.122-0600","caller":"core/lifecycle.go:283","msg":"Using 5 ssh connection"}
{"level":"debug","time":"2023-01-03T18:53:14.122-0600","caller":"runtime/asm_386.s:1326","msg":"Tunnel registered message received on control channel"}
{"level":"debug","time":"2023-01-03T18:53:14.122-0600","caller":"runtime/asm_386.s:1326","msg":"controller bus registered"}
{"level":"debug","time":"2023-01-03T18:53:15.377-0600","caller":"runtime/asm_386.s:1326","msg":"Successfully started sshd listener on port: 26746"}
{"level":"debug","time":"2023-01-03T18:53:15.393-0600","caller":"runtime/asm_386.s:1326","msg":"Successfully started sshd listener on port: 1830"}
{"level":"info","time":"2023-01-03T18:53:15.393-0600","caller":"runtime/asm_386.s:1326","msg":"You can start testing now"}
{"level":"info","time":"2023-01-03T18:53:15.393-0600","caller":"runtime/asm_386.s:1326","msg":"Tunnel ID: 2893516"}
{"level":"debug","time":"2023-01-03T18:53:15.393-0600","caller":"runtime/asm_386.s:1326","msg":"Remote Listener Started on Port 15543"}
{"level":"debug","time":"2023-01-03T18:53:15.421-0600","caller":"runtime/asm_386.s:1326","msg":"Successfully started sshd listener on port: 4436"}
{"level":"debug","time":"2023-01-03T18:53:15.474-0600","caller":"runtime/asm_386.s:1326","msg":"Successfully started sshd listener on port: 29284"}
{"level":"debug","time":"2023-01-03T18:53:15.515-0600","caller":"runtime/asm_386.s:1326","msg":"Successfully started sshd listener on port: 11905"}
{"level":"info","time":"2023-01-03T18:56:30.079-0600","caller":"cobra@v1.1.1/command.go:854","msg":"LambdaTest Tunnel version: 3.1.25"}
{"level":"debug","time":"2023-01-03T18:56:30.079-0600","caller":"cmd/lt.go:211","msg":"Starting pipeline....."}
{"level":"debug","time":"2023-01-03T18:56:30.079-0600","caller":"cmd/lt.go:211","msg":"OS: windows, Arch: 386"}
{"level":"debug","time":"2023-01-03T18:56:30.079-0600","caller":"cmd/lt.go:211","msg":"Fetching config"}
{"level":"debug","time":"2023-01-03T18:56:30.079-0600","caller":"runtime/asm_386.s:1326","msg":"Starting tunnel With flags: --user luis.osuna@unosquare.com --key ***** --logFile lambdaTunnelLog.log --controller testcafe --tunnelName TestCafe0_luis.osuna@unosquare.com-1672793788176 --infoAPIPort 54461 --port 54462"}
{"level":"debug","time":"2023-01-03T18:56:30.481-0600","caller":"cmd/lt.go:211","msg":"Remote config fetched"}
{"level":"debug","time":"2023-01-03T18:56:31.955-0600","caller":"core/lifecycle.go:152","msg":"Starting API server"}
{"level":"debug","time":"2023-01-03T18:56:31.955-0600","caller":"apiserver/setup.go:173","msg":"Starting API server for tunnel info on port: 54461"}
{"level":"debug","time":"2023-01-03T18:56:31.955-0600","caller":"core/lifecycle.go:138","msg":"Starting sink proxy"}
{"level":"debug","time":"2023-01-03T18:56:31.955-0600","caller":"runtime/asm_386.s:1326","msg":"Trying on port 443"}
{"level":"debug","time":"2023-01-03T18:56:31.956-0600","caller":"runtime/asm_386.s:1326","msg":"Trying over ssh over ws"}
{"level":"debug","time":"2023-01-03T18:56:31.956-0600","caller":"runtime/asm_386.s:1326","msg":"Trying on port 22"}
{"level":"info","time":"2023-01-03T18:56:32.014-0600","caller":"custom/setup.go:749","msg":"Tunnel binary started on port :54462"}
{"level":"debug","time":"2023-01-03T18:56:32.198-0600","caller":"runtime/asm_386.s:1326","msg":"WSS connection was successful"}
{"level":"debug","time":"2023-01-03T18:56:33.047-0600","caller":"runtime/asm_386.s:1326","msg":"SSH connection over port 443 successful"}
{"level":"debug","time":"2023-01-03T18:56:33.135-0600","caller":"runtime/asm_386.s:1326","msg":"SSH connection over ws successful"}
{"level":"debug","time":"2023-01-03T18:56:33.172-0600","caller":"runtime/asm_386.s:1326","msg":"SSH connection over port 22 successful"}
{"level":"info","time":"2023-01-03T18:56:33.172-0600","caller":"core/lifecycle.go:115","msg":"Using ssh(over_22) :: connection mode"}
{"level":"info","time":"2023-01-03T18:56:33.172-0600","caller":"cmd/lt.go:211","msg":"Launching tunnel"}
{"level":"debug","time":"2023-01-03T18:56:33.172-0600","caller":"core/lifecycle.go:233","msg":"Starting control ws connection at wss://ts.lambdatest.com/monitor"}
{"level":"debug","time":"2023-01-03T18:56:34.033-0600","caller":"core/lifecycle.go:233","msg":"Control ws channel opened"}
{"level":"debug","time":"2023-01-03T18:56:34.033-0600","caller":"runtime/asm_386.s:1326","msg":"Starting message listener on control connection"}
{"level":"debug","time":"2023-01-03T18:56:34.570-0600","caller":"runtime/asm_386.s:1326","msg":"Sending tunnel registered message to channels"}
{"level":"debug","time":"2023-01-03T18:56:34.570-0600","caller":"runtime/asm_386.s:1326","msg":"Tunnel registered message received on control channel"}
{"level":"debug","time":"2023-01-03T18:56:34.570-0600","caller":"core/lifecycle.go:283","msg":"Using 5 ssh connection"}
{"level":"debug","time":"2023-01-03T18:56:34.570-0600","caller":"runtime/asm_386.s:1326","msg":"controller bus registered"}
{"level":"debug","time":"2023-01-03T18:56:35.844-0600","caller":"runtime/asm_386.s:1326","msg":"Successfully started sshd listener on port: 15697"}
{"level":"debug","time":"2023-01-03T18:56:35.851-0600","caller":"runtime/asm_386.s:1326","msg":"Successfully started sshd listener on port: 29122"}
{"level":"info","time":"2023-01-03T18:56:35.851-0600","caller":"runtime/asm_386.s:1326","msg":"You can start testing now"}
{"level":"info","time":"2023-01-03T18:56:35.851-0600","caller":"runtime/asm_386.s:1326","msg":"Tunnel ID: 2893522"}
{"level":"debug","time":"2023-01-03T18:56:35.851-0600","caller":"runtime/asm_386.s:1326","msg":"Remote Listener Started on Port 3945"}
{"level":"debug","time":"2023-01-03T18:56:35.886-0600","caller":"runtime/asm_386.s:1326","msg":"Successfully started sshd listener on port: 6178"}
{"level":"debug","time":"2023-01-03T18:56:35.978-0600","caller":"runtime/asm_386.s:1326","msg":"Successfully started sshd listener on port: 4209"}
{"level":"debug","time":"2023-01-03T18:56:36.017-0600","caller":"runtime/asm_386.s:1326","msg":"Successfully started sshd listener on port: 3599"}
{"level":"info","time":"2023-01-03T19:00:52.506-0600","caller":"cobra@v1.1.1/command.go:854","msg":"LambdaTest Tunnel version: 3.1.25"}
{"level":"debug","time":"2023-01-03T19:00:52.515-0600","caller":"cmd/lt.go:211","msg":"Starting pipeline....."}
{"level":"debug","time":"2023-01-03T19:00:52.515-0600","caller":"cmd/lt.go:211","msg":"OS: windows, Arch: 386"}
{"level":"debug","time":"2023-01-03T19:00:52.515-0600","caller":"cmd/lt.go:211","msg":"Fetching config"}
{"level":"debug","time":"2023-01-03T19:00:52.515-0600","caller":"runtime/asm_386.s:1326","msg":"Starting tunnel With flags: --user luis.osuna@unosquare.com --key ***** --logFile lambdaTunnelLog.log --controller testcafe --tunnelName TestCafe0_luis.osuna@unosquare.com-1672794050818 --infoAPIPort 54585 --port 54586"}
{"level":"debug","time":"2023-01-03T19:00:52.863-0600","caller":"cmd/lt.go:211","msg":"Remote config fetched"}
{"level":"debug","time":"2023-01-03T19:00:54.107-0600","caller":"core/lifecycle.go:152","msg":"Starting API server"}
{"level":"debug","time":"2023-01-03T19:00:54.107-0600","caller":"core/lifecycle.go:138","msg":"Starting sink proxy"}
{"level":"debug","time":"2023-01-03T19:00:54.107-0600","caller":"runtime/asm_386.s:1326","msg":"Trying on port 22"}
{"level":"debug","time":"2023-01-03T19:00:54.107-0600","caller":"runtime/asm_386.s:1326","msg":"Trying on port 443"}
{"level":"debug","time":"2023-01-03T19:00:54.107-0600","caller":"apiserver/setup.go:173","msg":"Starting API server for tunnel info on port: 54585"}
{"level":"debug","time":"2023-01-03T19:00:54.107-0600","caller":"runtime/asm_386.s:1326","msg":"Trying over ssh over ws"}
{"level":"info","time":"2023-01-03T19:00:54.164-0600","caller":"custom/setup.go:749","msg":"Tunnel binary started on port :54586"}
{"level":"debug","time":"2023-01-03T19:00:54.335-0600","caller":"runtime/asm_386.s:1326","msg":"WSS connection was successful"}
{"level":"debug","time":"2023-01-03T19:00:55.179-0600","caller":"runtime/asm_386.s:1326","msg":"SSH connection over port 443 successful"}
{"level":"debug","time":"2023-01-03T19:00:55.261-0600","caller":"runtime/asm_386.s:1326","msg":"SSH connection over ws successful"}
{"level":"debug","time":"2023-01-03T19:00:55.333-0600","caller":"runtime/asm_386.s:1326","msg":"SSH connection over port 22 successful"}
{"level":"info","time":"2023-01-03T19:00:55.333-0600","caller":"core/lifecycle.go:115","msg":"Using ssh(over_22) :: connection mode"}
{"level":"info","time":"2023-01-03T19:00:55.333-0600","caller":"cmd/lt.go:211","msg":"Launching tunnel"}
{"level":"debug","time":"2023-01-03T19:00:55.333-0600","caller":"core/lifecycle.go:233","msg":"Starting control ws connection at wss://ts.lambdatest.com/monitor"}
{"level":"debug","time":"2023-01-03T19:00:55.616-0600","caller":"core/lifecycle.go:233","msg":"Control ws channel opened"}
{"level":"debug","time":"2023-01-03T19:00:55.622-0600","caller":"runtime/asm_386.s:1326","msg":"Starting message listener on control connection"}
{"level":"debug","time":"2023-01-03T19:00:55.647-0600","caller":"runtime/asm_386.s:1326","msg":"Sending tunnel registered message to channels"}
{"level":"debug","time":"2023-01-03T19:00:55.647-0600","caller":"runtime/asm_386.s:1326","msg":"Tunnel registered message received on control channel"}
{"level":"debug","time":"2023-01-03T19:00:55.647-0600","caller":"runtime/asm_386.s:1326","msg":"controller bus registered"}
{"level":"debug","time":"2023-01-03T19:00:55.647-0600","caller":"core/lifecycle.go:283","msg":"Using 5 ssh connection"}
{"level":"debug","time":"2023-01-03T19:00:56.870-0600","caller":"runtime/asm_386.s:1326","msg":"Successfully started sshd listener on port: 18271"}
{"level":"debug","time":"2023-01-03T19:00:56.871-0600","caller":"runtime/asm_386.s:1326","msg":"Successfully started sshd listener on port: 3153"}
{"level":"debug","time":"2023-01-03T19:00:56.871-0600","caller":"runtime/asm_386.s:1326","msg":"Successfully started sshd listener on port: 28307"}
{"level":"info","time":"2023-01-03T19:00:56.871-0600","caller":"runtime/asm_386.s:1326","msg":"You can start testing now"}
{"level":"info","time":"2023-01-03T19:00:56.871-0600","caller":"runtime/asm_386.s:1326","msg":"Tunnel ID: 2893536"}
{"level":"debug","time":"2023-01-03T19:00:56.871-0600","caller":"runtime/asm_386.s:1326","msg":"Remote Listener Started on Port 8830"}
{"level":"debug","time":"2023-01-03T19:00:57.031-0600","caller":"runtime/asm_386.s:1326","msg":"Successfully started sshd listener on port: 31326"}
{"level":"debug","time":"2023-01-03T19:00:57.031-0600","caller":"runtime/asm_386.s:1326","msg":"Successfully started sshd listener on port: 1389"}
{"level":"info","time":"2023-01-03T19:04:47.243-0600","caller":"cobra@v1.1.1/command.go:854","msg":"LambdaTest Tunnel version: 3.1.25"}
{"level":"debug","time":"2023-01-03T19:04:47.246-0600","caller":"cmd/lt.go:211","msg":"Starting pipeline....."}
{"level":"debug","time":"2023-01-03T19:04:47.246-0600","caller":"cmd/lt.go:211","msg":"OS: windows, Arch: 386"}
{"level":"debug","time":"2023-01-03T19:04:47.246-0600","caller":"cmd/lt.go:211","msg":"Fetching config"}
{"level":"debug","time":"2023-01-03T19:04:47.246-0600","caller":"runtime/asm_386.s:1326","msg":"Starting tunnel With flags: --user luis.osuna@unosquare.com --key ***** --logFile lambdaTunnelLog.log --controller testcafe --tunnelName TestCafe0_luis.osuna@unosquare.com-1672794285368 --infoAPIPort 54705 --port 54706"}
{"level":"debug","time":"2023-01-03T19:04:47.487-0600","caller":"cmd/lt.go:211","msg":"Remote config fetched"}
{"level":"debug","time":"2023-01-03T19:04:49.126-0600","caller":"core/lifecycle.go:152","msg":"Starting API server"}
{"level":"debug","time":"2023-01-03T19:04:49.126-0600","caller":"core/lifecycle.go:138","msg":"Starting sink proxy"}
{"level":"debug","time":"2023-01-03T19:04:49.126-0600","caller":"runtime/asm_386.s:1326","msg":"Trying over ssh over ws"}
{"level":"debug","time":"2023-01-03T19:04:49.126-0600","caller":"runtime/asm_386.s:1326","msg":"Trying on port 443"}
{"level":"debug","time":"2023-01-03T19:04:49.126-0600","caller":"runtime/asm_386.s:1326","msg":"Trying on port 22"}
{"level":"debug","time":"2023-01-03T19:04:49.126-0600","caller":"apiserver/setup.go:173","msg":"Starting API server for tunnel info on port: 54705"}
{"level":"info","time":"2023-01-03T19:04:49.182-0600","caller":"custom/setup.go:749","msg":"Tunnel binary started on port :54706"}
{"level":"debug","time":"2023-01-03T19:04:49.359-0600","caller":"runtime/asm_386.s:1326","msg":"WSS connection was successful"}
{"level":"debug","time":"2023-01-03T19:04:50.242-0600","caller":"runtime/asm_386.s:1326","msg":"SSH connection over port 443 successful"}
{"level":"debug","time":"2023-01-03T19:04:50.311-0600","caller":"runtime/asm_386.s:1326","msg":"SSH connection over ws successful"}
{"level":"debug","time":"2023-01-03T19:04:50.356-0600","caller":"runtime/asm_386.s:1326","msg":"SSH connection over port 22 successful"}
{"level":"info","time":"2023-01-03T19:04:50.356-0600","caller":"core/lifecycle.go:115","msg":"Using ssh(over_22) :: connection mode"}
{"level":"info","time":"2023-01-03T19:04:50.357-0600","caller":"cmd/lt.go:211","msg":"Launching tunnel"}
{"level":"debug","time":"2023-01-03T19:04:50.357-0600","caller":"core/lifecycle.go:233","msg":"Starting control ws connection at wss://ts.lambdatest.com/monitor"}
{"level":"debug","time":"2023-01-03T19:04:50.678-0600","caller":"core/lifecycle.go:233","msg":"Control ws channel opened"}
{"level":"debug","time":"2023-01-03T19:04:50.686-0600","caller":"runtime/asm_386.s:1326","msg":"Starting message listener on control connection"}
{"level":"debug","time":"2023-01-03T19:04:50.716-0600","caller":"runtime/asm_386.s:1326","msg":"Tunnel registered message received on control channel"}
{"level":"debug","time":"2023-01-03T19:04:50.717-0600","caller":"runtime/asm_386.s:1326","msg":"controller bus registered"}
{"level":"debug","time":"2023-01-03T19:04:50.717-0600","caller":"core/lifecycle.go:283","msg":"Using 5 ssh connection"}
{"level":"debug","time":"2023-01-03T19:04:50.716-0600","caller":"runtime/asm_386.s:1326","msg":"Sending tunnel registered message to channels"}
{"level":"debug","time":"2023-01-03T19:04:51.969-0600","caller":"runtime/asm_386.s:1326","msg":"Successfully started sshd listener on port: 29806"}
{"level":"info","time":"2023-01-03T19:04:51.969-0600","caller":"runtime/asm_386.s:1326","msg":"You can start testing now"}
{"level":"debug","time":"2023-01-03T19:04:51.969-0600","caller":"runtime/asm_386.s:1326","msg":"Successfully started sshd listener on port: 15678"}
{"level":"info","time":"2023-01-03T19:04:51.969-0600","caller":"runtime/asm_386.s:1326","msg":"Tunnel ID: 2893547"}
{"level":"debug","time":"2023-01-03T19:04:51.970-0600","caller":"runtime/asm_386.s:1326","msg":"Remote Listener Started on Port 30452"}
{"level":"debug","time":"2023-01-03T19:04:51.982-0600","caller":"runtime/asm_386.s:1326","msg":"Successfully started sshd listener on port: 10068"}
{"level":"debug","time":"2023-01-03T19:04:52.127-0600","caller":"runtime/asm_386.s:1326","msg":"Successfully started sshd listener on port: 8198"}
{"level":"debug","time":"2023-01-03T19:04:52.130-0600","caller":"runtime/asm_386.s:1326","msg":"Successfully started sshd listener on port: 27690"}
